Loading highd (d=512) dataset...
n * d = 1024 * 512
n_clusters = 16
R = 3
n	d	n_clust	test_pr	eval_against	method	k	k/d	vmeas	vmeas_e	time
1024	512	16	kneigh_	gr-truth	-	-	-	1.000	0.00	0.170362
1024	512	16	kneigh_	gr-truth	Achliop	50	0.09766	1.000	0.00	0.159978	/
1024	512	16	kneigh_	baseline	Achliop	50	0.09766	1.000	0.00	0.166260	/
1024	512	16	kneigh_	gr-truth	Achliop	20	0.03906	1.000	0.00	0.164433	/
1024	512	16	kneigh_	baseline	Achliop	20	0.03906	1.000	0.00	0.164382	/
1024	512	16	kneigh_	gr-truth	Achliop	10	0.01953	1.000	0.00	0.166467	/
1024	512	16	kneigh_	baseline	Achliop	10	0.01953	1.000	0.00	0.166594	/
1024	512	16	kneigh_	gr-truth	Achliop	5	0.00977	1.000	0.00	0.164956	/
1024	512	16	kneigh_	baseline	Achliop	5	0.00977	1.000	0.00	0.164635	/
1024	512	16	kneigh_	gr-truth	Achliop	1	0.00195	0.922	0.04	0.167267	/
1024	512	16	kneigh_	baseline	Achliop	1	0.00195	0.932	0.02	0.169206	/
1024	512	16	kneigh_	gr-truth	FastJLT	50	0.09766	0.979	0.02	0.162365	0.1414213562373095
1024	512	16	kneigh_	baseline	FastJLT	50	0.09766	0.932	0.01	0.161737	0.1414213562373095
1024	512	16	kneigh_	gr-truth	FastJLT	20	0.03906	0.961	0.02	0.161348	0.22360679774997896
1024	512	16	kneigh_	baseline	FastJLT	20	0.03906	0.929	0.04	0.161072	0.22360679774997896
1024	512	16	kneigh_	gr-truth	FastJLT	10	0.01953	0.944	0.02	0.161903	0.31622776601683794
1024	512	16	kneigh_	baseline	FastJLT	10	0.01953	0.939	0.02	0.163526	0.31622776601683794
1024	512	16	kneigh_	gr-truth	FastJLT	5	0.00977	0.919	0.02	0.162746	0.4472135954999579
1024	512	16	kneigh_	baseline	FastJLT	5	0.00977	0.932	0.02	0.166406	0.4472135954999579
1024	512	16	kneigh_	gr-truth	FastJLT	1	0.00195	0.872	0.03	0.163464	1.0
1024	512	16	kneigh_	baseline	FastJLT	1	0.00195	0.932	0.01	0.163483	1.0
1024	512	16	kneigh_	gr-truth	sampDim	50	0.09766	1.000	0.00	0.158090
1024	512	16	kneigh_	baseline	sampDim	50	0.09766	1.000	0.00	0.155544
1024	512	16	kneigh_	gr-truth	sampDim	20	0.03906	1.000	0.00	0.157807
1024	512	16	kneigh_	baseline	sampDim	20	0.03906	1.000	0.00	0.157462
1024	512	16	kneigh_	gr-truth	sampDim	10	0.01953	1.000	0.00	0.156736
1024	512	16	kneigh_	baseline	sampDim	10	0.01953	1.000	0.00	0.157955
1024	512	16	kneigh_	gr-truth	sampDim	5	0.00977	1.000	0.00	0.156568
1024	512	16	kneigh_	baseline	sampDim	5	0.00977	1.000	0.00	0.158106
1024	512	16	kneigh_	gr-truth	sampDim	1	0.00195	0.936	0.05	0.154719
1024	512	16	kneigh_	baseline	sampDim	1	0.00195	0.943	0.03	0.157790
1024	512	16	kneigh_	gr-truth	HVarDim	50	0.09766	1.000	0.00	0.158368
1024	512	16	kneigh_	baseline	HVarDim	50	0.09766	1.000	0.00	0.154145
1024	512	16	kneigh_	gr-truth	HVarDim	20	0.03906	1.000	0.00	0.158854
1024	512	16	kneigh_	baseline	HVarDim	20	0.03906	1.000	0.00	0.154749
1024	512	16	kneigh_	gr-truth	HVarDim	10	0.01953	1.000	0.00	0.148651
1024	512	16	kneigh_	baseline	HVarDim	10	0.01953	1.000	0.00	0.156714
1024	512	16	kneigh_	gr-truth	HVarDim	5	0.00977	1.000	0.00	0.157773
1024	512	16	kneigh_	baseline	HVarDim	5	0.00977	1.000	0.00	0.157943
1024	512	16	kneigh_	gr-truth	HVarDim	1	0.00195	0.943	0.00	0.157371
1024	512	16	kneigh_	baseline	HVarDim	1	0.00195	0.943	0.00	0.158231
1024	512	16	kneigh_	gr-truth	usePCA	50	0.09766	1.000	0.00	0.150278
1024	512	16	kneigh_	baseline	usePCA	50	0.09766	1.000	0.00	0.152639
1024	512	16	kneigh_	gr-truth	usePCA	20	0.03906	1.000	0.00	0.152141
1024	512	16	kneigh_	baseline	usePCA	20	0.03906	1.000	0.00	0.152981
1024	512	16	kneigh_	gr-truth	usePCA	10	0.01953	1.000	0.00	0.153572
1024	512	16	kneigh_	baseline	usePCA	10	0.01953	1.000	0.00	0.152481
1024	512	16	kneigh_	gr-truth	usePCA	5	0.00977	1.000	0.00	0.150599
1024	512	16	kneigh_	baseline	usePCA	5	0.00977	1.000	0.00	0.153092
1024	512	16	kneigh_	gr-truth	usePCA	1	0.00195	0.997	0.00	0.155730
1024	512	16	kneigh_	baseline	usePCA	1	0.00195	0.984	0.01	0.154762
1024	512	16	kneigh_	gr-truth	FactAna	50	0.09766	1.000	0.00	0.285296
1024	512	16	kneigh_	baseline	FactAna	50	0.09766	1.000	0.00	0.307318
1024	512	16	kneigh_	gr-truth	FactAna	20	0.03906	0.995	0.00	0.165127
1024	512	16	kneigh_	baseline	FactAna	20	0.03906	0.995	0.00	0.205612
1024	512	16	kneigh_	gr-truth	FactAna	10	0.01953	1.000	0.00	0.167469
1024	512	16	kneigh_	baseline	FactAna	10	0.01953	1.000	0.00	0.170570
1024	512	16	kneigh_	gr-truth	FactAna	5	0.00977	1.000	0.00	0.170424
1024	512	16	kneigh_	baseline	FactAna	5	0.00977	1.000	0.00	0.168346
1024	512	16	kneigh_	gr-truth	FactAna	1	0.00195	0.998	0.00	0.165747
1024	512	16	kneigh_	baseline	FactAna	1	0.00195	0.998	0.00	0.166062
1024	512	16	kmeans_	gr-truth	-	-	-	1.000	0.00	1.041538
1024	512	16	kmeans_	gr-truth	Achliop	50	0.09766	1.000	0.00	0.333538	/
1024	512	16	kmeans_	baseline	Achliop	50	0.09766	1.000	0.00	0.300791	/
1024	512	16	kmeans_	gr-truth	Achliop	20	0.03906	1.000	0.00	0.263651	/
1024	512	16	kmeans_	baseline	Achliop	20	0.03906	1.000	0.00	0.265991	/
1024	512	16	kmeans_	gr-truth	Achliop	10	0.01953	1.000	0.00	0.280637	/
1024	512	16	kmeans_	baseline	Achliop	10	0.01953	1.000	0.00	0.247591	/
1024	512	16	kmeans_	gr-truth	Achliop	5	0.00977	1.000	0.00	0.104892	/
1024	512	16	kmeans_	baseline	Achliop	5	0.00977	1.000	0.00	0.125830	/
1024	512	16	kmeans_	gr-truth	Achliop	1	0.00195	0.917	0.04	0.118500	/
1024	512	16	kmeans_	baseline	Achliop	1	0.00195	0.947	0.02	0.085459	/
1024	512	16	kmeans_	gr-truth	FastJLT	50	0.09766	0.968	0.01	0.257954	0.1414213562373095
1024	512	16	kmeans_	baseline	FastJLT	50	0.09766	0.953	0.04	0.236867	0.1414213562373095
1024	512	16	kmeans_	gr-truth	FastJLT	20	0.03906	0.955	0.02	0.211948	0.22360679774997896
1024	512	16	kmeans_	baseline	FastJLT	20	0.03906	0.936	0.05	0.208281	0.22360679774997896
1024	512	16	kmeans_	gr-truth	FastJLT	10	0.01953	0.961	0.02	0.198496	0.31622776601683794
1024	512	16	kmeans_	baseline	FastJLT	10	0.01953	0.931	0.01	0.185661	0.31622776601683794
1024	512	16	kmeans_	gr-truth	FastJLT	5	0.00977	0.958	0.02	0.135538	0.4472135954999579
1024	512	16	kmeans_	baseline	FastJLT	5	0.00977	0.943	0.01	0.133021	0.4472135954999579
1024	512	16	kmeans_	gr-truth	FastJLT	1	0.00195	0.944	0.02	0.123659	1.0
1024	512	16	kmeans_	baseline	FastJLT	1	0.00195	0.939	0.03	0.116517	1.0
1024	512	16	kmeans_	gr-truth	sampDim	50	0.09766	1.000	0.00	0.260298
1024	512	16	kmeans_	baseline	sampDim	50	0.09766	1.000	0.00	0.302538
1024	512	16	kmeans_	gr-truth	sampDim	20	0.03906	1.000	0.00	0.318750
1024	512	16	kmeans_	baseline	sampDim	20	0.03906	1.000	0.00	0.249201
1024	512	16	kmeans_	gr-truth	sampDim	10	0.01953	1.000	0.00	0.261724
1024	512	16	kmeans_	baseline	sampDim	10	0.01953	1.000	0.00	0.259886
1024	512	16	kmeans_	gr-truth	sampDim	5	0.00977	1.000	0.00	0.052099
1024	512	16	kmeans_	baseline	sampDim	5	0.00977	1.000	0.00	0.039278
1024	512	16	kmeans_	gr-truth	sampDim	1	0.00195	0.946	0.01	0.039784
1024	512	16	kmeans_	baseline	sampDim	1	0.00195	0.944	0.02	0.044158
1024	512	16	kmeans_	gr-truth	HVarDim	50	0.09766	1.000	0.00	0.293767
1024	512	16	kmeans_	baseline	HVarDim	50	0.09766	1.000	0.00	0.297301
1024	512	16	kmeans_	gr-truth	HVarDim	20	0.03906	1.000	0.00	0.265284
1024	512	16	kmeans_	baseline	HVarDim	20	0.03906	1.000	0.00	0.273013
1024	512	16	kmeans_	gr-truth	HVarDim	10	0.01953	1.000	0.00	0.311150
1024	512	16	kmeans_	baseline	HVarDim	10	0.01953	1.000	0.00	0.243675
1024	512	16	kmeans_	gr-truth	HVarDim	5	0.00977	1.000	0.00	0.052435
1024	512	16	kmeans_	baseline	HVarDim	5	0.00977	1.000	0.00	0.038072
1024	512	16	kmeans_	gr-truth	HVarDim	1	0.00195	0.930	0.00	0.040395
1024	512	16	kmeans_	baseline	HVarDim	1	0.00195	0.932	0.01	0.042622
1024	512	16	kmeans_	gr-truth	usePCA	50	0.09766	1.000	0.00	0.323660
1024	512	16	kmeans_	baseline	usePCA	50	0.09766	1.000	0.00	0.303611
1024	512	16	kmeans_	gr-truth	usePCA	20	0.03906	1.000	0.00	0.305636
1024	512	16	kmeans_	baseline	usePCA	20	0.03906	1.000	0.00	0.278412
1024	512	16	kmeans_	gr-truth	usePCA	10	0.01953	1.000	0.00	0.256129
1024	512	16	kmeans_	baseline	usePCA	10	0.01953	1.000	0.00	0.265826
1024	512	16	kmeans_	gr-truth	usePCA	5	0.00977	1.000	0.00	0.104532
1024	512	16	kmeans_	baseline	usePCA	5	0.00977	1.000	0.00	0.095672
1024	512	16	kmeans_	gr-truth	usePCA	1	0.00195	0.996	0.00	0.135540
1024	512	16	kmeans_	baseline	usePCA	1	0.00195	1.000	0.00	0.130996
1024	512	16	kmeans_	gr-truth	FactAna	50	0.09766	0.974	0.00	0.353167
1024	512	16	kmeans_	baseline	FactAna	50	0.09766	0.976	0.00	0.341465
1024	512	16	kmeans_	gr-truth	FactAna	20	0.03906	0.998	0.00	0.273527
1024	512	16	kmeans_	baseline	FactAna	20	0.03906	0.998	0.00	0.229378
1024	512	16	kmeans_	gr-truth	FactAna	10	0.01953	1.000	0.00	0.250912
1024	512	16	kmeans_	baseline	FactAna	10	0.01953	1.000	0.00	0.301479
1024	512	16	kmeans_	gr-truth	FactAna	5	0.00977	1.000	0.00	0.113796
1024	512	16	kmeans_	baseline	FactAna	5	0.00977	1.000	0.00	0.107939
1024	512	16	kmeans_	gr-truth	FactAna	1	0.00195	0.998	0.00	0.125423
1024	512	16	kmeans_	baseline	FactAna	1	0.00195	0.998	0.00	0.111464	
