###################################################
### Dimensionality Reduction Methods Comparison ###
###################################################

Loading GISETTE dataset...
n * d = 7000 * 5000
n_clusters = 2
R = 3
n	d	n_clust	test_pr	eval_against	method	k	k/d	vmeas	vmeas_e	time
7000	5000	2	kneigh_	gr-truth	-	-	-	0.461	0.00	194.636206	
7000	5000	2	kneigh_	gr-truth	Achliop	50	0.01000	0.293	0.11	4.956648	/
7000	5000	2	kneigh_	baseline	Achliop	50	0.01000	0.207	0.15	4.994522	/
7000	5000	2	kneigh_	gr-truth	Achliop	20	0.00400	0.151	0.34	3.336029	/
7000	5000	2	kneigh_	baseline	Achliop	20	0.00400	0.176	0.33	3.626265	/
7000	5000	2	kneigh_	gr-truth	Achliop	10	0.00200	0.073	0.35	2.965243	/
7000	5000	2	kneigh_	baseline	Achliop	10	0.00200	0.089	0.42	3.266982	/
7000	5000	2	kneigh_	gr-truth	Achliop	5	0.00100	0.058	0.47	2.725726	/
7000	5000	2	kneigh_	baseline	Achliop	5	0.00100	0.026	0.63	2.835303	/
7000	5000	2	kneigh_	gr-truth	Achliop	1	0.00020	0.010	0.78	1.891047	/
Error! Check the code. The clustering routine used 1 of the 2 available cluster(s).
Error! Check the code. The clustering routine used 1 of the 2 available cluster(s).
7000	5000	2	kneigh_	baseline	Achliop	1	0.00020	0.005	1.50	1.896217	/
7000	5000	2	kneigh_	gr-truth	FastJLT	50	0.01000	0.005	1.18	7.609342	0.1414213562373095
7000	5000	2	kneigh_	baseline	FastJLT	50	0.01000	0.022	0.41	2.252359	0.1414213562373095
7000	5000	2	kneigh_	gr-truth	FastJLT	20	0.00400	0.009	0.64	2.467298	0.22360679774997896
7000	5000	2	kneigh_	baseline	FastJLT	20	0.00400	0.017	0.53	2.652996	0.22360679774997896
7000	5000	2	kneigh_	gr-truth	FastJLT	10	0.00200	0.010	0.74	2.433598	0.31622776601683794
Error! Check the code. The clustering routine used 1 of the 2 available cluster(s).
7000	5000	2	kneigh_	baseline	FastJLT	10	0.00200	0.010	1.23	3.543934	0.31622776601683794
7000	5000	2	kneigh_	gr-truth	FastJLT	5	0.00100	0.011	0.76	3.111040	0.4472135954999579
Error! Check the code. The clustering routine used 1 of the 2 available cluster(s).
Error! Check the code. The clustering routine used 1 of the 2 available cluster(s).
Error! Check the code. The clustering routine used 1 of the 2 available cluster(s).
7000	5000	2	kneigh_	baseline	FastJLT	5	0.00100	-0.000	-0.50	2.927743	0.4472135954999579
7000	5000	2	kneigh_	gr-truth	FastJLT	1	0.00020	0.008	0.45	2.817254	1.0
Error! Check the code. The clustering routine used 1 of the 2 available cluster(s).
7000	5000	2	kneigh_	baseline	FastJLT	1	0.00020	0.020	1.17	2.802362	1.0
7000	5000	2	kneigh_	gr-truth	sampDim	50	0.01000	0.159	0.65	4.393804	
7000	5000	2	kneigh_	baseline	sampDim	50	0.01000	0.207	0.45	4.381152	
7000	5000	2	kneigh_	gr-truth	sampDim	20	0.00400	0.122	0.73	3.939127	
7000	5000	2	kneigh_	baseline	sampDim	20	0.00400	0.107	0.45	3.508520	
7000	5000	2	kneigh_	gr-truth	sampDim	10	0.00200	0.061	1.28	4.554980	
7000	5000	2	kneigh_	baseline	sampDim	10	0.00200	0.064	0.94	3.979992	
7000	5000	2	kneigh_	gr-truth	sampDim	5	0.00100	0.005	1.41	4.622635	
Error! Check the code. The clustering routine used 1 of the 2 available cluster(s).
Error! Check the code. The clustering routine used 1 of the 2 available cluster(s).
7000	5000	2	kneigh_	baseline	sampDim	5	0.00100	0.013	1.50	4.087167	
Error! Check the code. The clustering routine used 1 of the 2 available cluster(s).
7000	5000	2	kneigh_	gr-truth	sampDim	1	0.00020	0.000	1.25	5.550457	
Error! Check the code. The clustering routine used 1 of the 2 available cluster(s).
Error! Check the code. The clustering routine used 1 of the 2 available cluster(s).
Error! Check the code. The clustering routine used 1 of the 2 available cluster(s).
7000	5000	2	kneigh_	baseline	sampDim	1	0.00020	-0.000	-0.50	6.661750	
7000	5000	2	kneigh_	gr-truth	HVarDim	50	0.01000	0.484	0.00	4.416106	
7000	5000	2	kneigh_	baseline	HVarDim	50	0.01000	0.611	0.00	4.002312	
7000	5000	2	kneigh_	gr-truth	HVarDim	20	0.00400	0.416	0.00	3.321648	
7000	5000	2	kneigh_	baseline	HVarDim	20	0.00400	0.523	0.00	3.410827	
7000	5000	2	kneigh_	gr-truth	HVarDim	10	0.00200	0.386	0.00	2.972450	
7000	5000	2	kneigh_	baseline	HVarDim	10	0.00200	0.487	0.00	2.868902	
7000	5000	2	kneigh_	gr-truth	HVarDim	5	0.00100	0.347	0.00	2.344573	
7000	5000	2	kneigh_	baseline	HVarDim	5	0.00100	0.416	0.00	2.411903	
7000	5000	2	kneigh_	gr-truth	HVarDim	1	0.00020	0.054	0.00	4.899336	
7000	5000	2	kneigh_	baseline	HVarDim	1	0.00020	0.033	0.00	4.398213	
7000	5000	2	kneigh_	gr-truth	usePCA	50	0.01000	0.506	0.00	4.243748	
7000	5000	2	kneigh_	baseline	usePCA	50	0.01000	0.416	0.00	4.151921	
7000	5000	2	kneigh_	gr-truth	usePCA	20	0.00400	0.531	0.00	3.368881	
7000	5000	2	kneigh_	baseline	usePCA	20	0.00400	0.475	0.00	3.387559	
7000	5000	2	kneigh_	gr-truth	usePCA	10	0.00200	0.534	0.00	2.998683	
7000	5000	2	kneigh_	baseline	usePCA	10	0.00200	0.532	0.00	3.010821	
7000	5000	2	kneigh_	gr-truth	usePCA	5	0.00100	0.419	0.00	2.355267	
7000	5000	2	kneigh_	baseline	usePCA	5	0.00100	0.514	0.00	2.527777	
7000	5000	2	kneigh_	gr-truth	usePCA	1	0.00020	0.110	0.00	1.652010	
7000	5000	2	kneigh_	baseline	usePCA	1	0.00020	0.306	0.00	1.661862	
7000	5000	2	kneigh_	gr-truth	FactAna	50	0.01000	0.435	0.00	4.447034	
7000	5000	2	kneigh_	baseline	FactAna	50	0.01000	0.008	0.00	4.202900	
7000	5000	2	kneigh_	gr-truth	FactAna	20	0.00400	0.558	0.00	3.438385	
7000	5000	2	kneigh_	baseline	FactAna	20	0.00400	0.225	0.00	3.503052	
7000	5000	2	kneigh_	gr-truth	FactAna	10	0.00200	0.570	0.00	3.131679	
7000	5000	2	kneigh_	baseline	FactAna	10	0.00200	0.418	0.00	3.126841	
7000	5000	2	kneigh_	gr-truth	FactAna	5	0.00100	0.416	0.00	2.643284	
7000	5000	2	kneigh_	baseline	FactAna	5	0.00100	0.507	0.00	2.564469	
7000	5000	2	kneigh_	gr-truth	FactAna	1	0.00020	0.122	0.00	1.838661	
7000	5000	2	kneigh_	baseline	FactAna	1	0.00020	0.205	0.00	1.798447	
7000	5000	2	kmeans_	gr-truth	-	-	-	0.122	0.01	140.680531	
7000	5000	2	kmeans_	gr-truth	Achliop	50	0.01000	0.136	0.19	1.693387	/
7000	5000	2	kmeans_	baseline	Achliop	50	0.01000	0.184	0.67	0.551712	/
7000	5000	2	kmeans_	gr-truth	Achliop	20	0.00400	0.019	1.13	0.453685	/
7000	5000	2	kmeans_	baseline	Achliop	20	0.00400	0.092	0.81	0.419308	/
7000	5000	2	kmeans_	gr-truth	Achliop	10	0.00200	0.055	0.79	0.588754	/
7000	5000	2	kmeans_	baseline	Achliop	10	0.00200	0.125	0.11	0.363657	/
7000	5000	2	kmeans_	gr-truth	Achliop	5	0.00100	0.010	1.08	0.381748	/
7000	5000	2	kmeans_	baseline	Achliop	5	0.00100	0.059	0.64	0.386866	/
7000	5000	2	kmeans_	gr-truth	Achliop	1	0.00020	0.016	1.16	0.140482	/
7000	5000	2	kmeans_	baseline	Achliop	1	0.00020	0.006	1.30	0.123001	/
7000	5000	2	kmeans_	gr-truth	FastJLT	50	0.01000	0.006	0.78	0.450585	0.1414213562373095
7000	5000	2	kmeans_	baseline	FastJLT	50	0.01000	0.003	0.82	0.444247	0.1414213562373095
7000	5000	2	kmeans_	gr-truth	FastJLT	20	0.00400	0.008	1.22	0.350599	0.22360679774997896
7000	5000	2	kmeans_	baseline	FastJLT	20	0.00400	0.031	1.22	0.347521	0.22360679774997896
7000	5000	2	kmeans_	gr-truth	FastJLT	10	0.00200	0.007	0.97	0.348527	0.31622776601683794
7000	5000	2	kmeans_	baseline	FastJLT	10	0.00200	0.030	0.71	0.425128	0.31622776601683794
7000	5000	2	kmeans_	gr-truth	FastJLT	5	0.00100	0.008	1.36	0.314887	0.4472135954999579
7000	5000	2	kmeans_	baseline	FastJLT	5	0.00100	0.043	1.21	0.343400	0.4472135954999579
7000	5000	2	kmeans_	gr-truth	FastJLT	1	0.00020	0.007	0.14	0.116495	1.0
7000	5000	2	kmeans_	baseline	FastJLT	1	0.00020	0.024	1.14	0.120553	1.0
7000	5000	2	kmeans_	gr-truth	sampDim	50	0.01000	0.007	0.75	0.712120	
7000	5000	2	kmeans_	baseline	sampDim	50	0.01000	0.067	1.21	0.453347	
7000	5000	2	kmeans_	gr-truth	sampDim	20	0.00400	0.080	1.31	0.318821	
7000	5000	2	kmeans_	baseline	sampDim	20	0.00400	0.071	1.42	0.295053	
7000	5000	2	kmeans_	gr-truth	sampDim	10	0.00200	0.031	1.50	0.308653	
7000	5000	2	kmeans_	baseline	sampDim	10	0.00200	0.011	1.48	0.299710	
7000	5000	2	kmeans_	gr-truth	sampDim	5	0.00100	0.011	1.48	0.226827	
7000	5000	2	kmeans_	baseline	sampDim	5	0.00100	0.028	1.49	0.220544	
7000	5000	2	kmeans_	gr-truth	sampDim	1	0.00020	0.011	1.50	0.050861	
7000	5000	2	kmeans_	baseline	sampDim	1	0.00020	0.008	1.49	0.044186	
7000	5000	2	kmeans_	gr-truth	HVarDim	50	0.01000	0.040	0.00	0.505243	
7000	5000	2	kmeans_	baseline	HVarDim	50	0.01000	0.022	0.00	0.431546	
7000	5000	2	kmeans_	gr-truth	HVarDim	20	0.00400	0.087	0.01	0.302001	
7000	5000	2	kmeans_	baseline	HVarDim	20	0.00400	0.014	0.01	0.342357	
7000	5000	2	kmeans_	gr-truth	HVarDim	10	0.00200	0.363	0.00	0.320003	
7000	5000	2	kmeans_	baseline	HVarDim	10	0.00200	0.193	0.00	0.292528	
7000	5000	2	kmeans_	gr-truth	HVarDim	5	0.00100	0.102	0.00	0.240554	
7000	5000	2	kmeans_	baseline	HVarDim	5	0.00100	0.023	0.01	0.268497	
7000	5000	2	kmeans_	gr-truth	HVarDim	1	0.00020	0.054	0.00	0.024675	
7000	5000	2	kmeans_	baseline	HVarDim	1	0.00020	0.010	0.00	0.023578	
7000	5000	2	kmeans_	gr-truth	usePCA	50	0.01000	0.122	0.00	0.481105	
7000	5000	2	kmeans_	baseline	usePCA	50	0.01000	0.973	0.00	0.453813	
7000	5000	2	kmeans_	gr-truth	usePCA	20	0.00400	0.123	0.00	0.370464	
7000	5000	2	kmeans_	baseline	usePCA	20	0.00400	0.963	0.01	0.356345	
7000	5000	2	kmeans_	gr-truth	usePCA	10	0.00200	0.123	0.01	0.399892	
7000	5000	2	kmeans_	baseline	usePCA	10	0.00200	0.943	0.00	0.379565	
7000	5000	2	kmeans_	gr-truth	usePCA	5	0.00100	0.119	0.01	0.303687	
7000	5000	2	kmeans_	baseline	usePCA	5	0.00100	0.935	0.00	0.308255	
7000	5000	2	kmeans_	gr-truth	usePCA	1	0.00020	0.106	0.00	0.039043	
7000	5000	2	kmeans_	baseline	usePCA	1	0.00020	0.876	0.00	0.038046	
7000	5000	2	kmeans_	gr-truth	FactAna	50	0.01000	0.171	0.72	0.629810	
7000	5000	2	kmeans_	baseline	FactAna	50	0.01000	0.086	0.85	0.657500	
7000	5000	2	kmeans_	gr-truth	FactAna	20	0.00400	0.175	0.84	0.432947	
7000	5000	2	kmeans_	baseline	FactAna	20	0.00400	0.119	0.83	0.482887	
7000	5000	2	kmeans_	gr-truth	FactAna	10	0.00200	0.152	1.50	0.432449	
7000	5000	2	kmeans_	baseline	FactAna	10	0.00200	0.027	0.02	0.472236	
7000	5000	2	kmeans_	gr-truth	FactAna	5	0.00100	0.308	0.00	0.406137	
7000	5000	2	kmeans_	baseline	FactAna	5	0.00100	0.244	0.03	0.402609	
7000	5000	2	kmeans_	gr-truth	FactAna	1	0.00020	0.066	0.00	0.149666	
7000	5000	2	kmeans_	baseline	FactAna	1	0.00020	0.378	0.00	0.156820	


