
###################################################
### Dimensionality Reduction Methods Comparison ###
###################################################

Loading MNIST dataset...
n * d = 10000 * 784
n_clusters = 10
R = 3
n	d	n_clust	test_pr	eval_against	method	k	k/d	vmeas	vmeas_e	time
10000	784	10	kneigh_	gr-truth	-	-	-	0.707	0.00	45.520858
10000	784	10	kneigh_	gr-truth	Achliop	50	0.06378	0.604	0.02	5.524613	/
10000	784	10	kneigh_	baseline	Achliop	50	0.06378	0.658	0.03	5.815370	/
10000	784	10	kneigh_	gr-truth	Achliop	20	0.02551	0.519	0.02	3.587443	/
10000	784	10	kneigh_	baseline	Achliop	20	0.02551	0.521	0.05	4.199302	/
10000	784	10	kneigh_	gr-truth	Achliop	10	0.01276	0.380	0.06	2.542595	/
10000	784	10	kneigh_	baseline	Achliop	10	0.01276	0.368	0.03	2.632825	/
10000	784	10	kneigh_	gr-truth	Achliop	5	0.00638	0.216	0.22	1.369831	/
10000	784	10	kneigh_	baseline	Achliop	5	0.00638	0.261	0.17	1.344539	/
Error! Check the code. The clustering routine used 7 of the 10 available cluster(s).
Error! Check the code. The clustering routine used 9 of the 10 available cluster(s).
10000	784	10	kneigh_	gr-truth	Achliop	1	0.00128	0.076	0.37	0.772509	/
Error! Check the code. The clustering routine used 7 of the 10 available cluster(s).
Error! Check the code. The clustering routine used 5 of the 10 available cluster(s).
Error! Check the code. The clustering routine used 5 of the 10 available cluster(s).
10000	784	10	kneigh_	baseline	Achliop	1	0.00128	0.047	0.17	0.757216	/
Error! Check the code. The clustering routine used 9 of the 10 available cluster(s).
10000	784	10	kneigh_	gr-truth	FastJLT	50	0.06378	0.063	0.29	0.955881	0.1414213562373095
Error! Check the code. The clustering routine used 5 of the 10 available cluster(s).
Error! Check the code. The clustering routine used 6 of the 10 available cluster(s).
Error! Check the code. The clustering routine used 7 of the 10 available cluster(s).
10000	784	10	kneigh_	baseline	FastJLT	50	0.06378	0.065	0.78	0.886774	0.1414213562373095
Error! Check the code. The clustering routine used 9 of the 10 available cluster(s).
Error! Check the code. The clustering routine used 8 of the 10 available cluster(s).
10000	784	10	kneigh_	gr-truth	FastJLT	20	0.02551	0.088	0.15	0.893923	0.22360679774997896
Error! Check the code. The clustering routine used 7 of the 10 available cluster(s).
Error! Check the code. The clustering routine used 7 of the 10 available cluster(s).
Error! Check the code. The clustering routine used 6 of the 10 available cluster(s).
10000	784	10	kneigh_	baseline	FastJLT	20	0.02551	0.054	0.16	0.828845	0.22360679774997896
Error! Check the code. The clustering routine used 9 of the 10 available cluster(s).
Error! Check the code. The clustering routine used 9 of the 10 available cluster(s).
10000	784	10	kneigh_	gr-truth	FastJLT	10	0.01276	0.050	0.20	0.793658	0.31622776601683794
Error! Check the code. The clustering routine used 6 of the 10 available cluster(s).
Error! Check the code. The clustering routine used 6 of the 10 available cluster(s).
Error! Check the code. The clustering routine used 5 of the 10 available cluster(s).
10000	784	10	kneigh_	baseline	FastJLT	10	0.01276	0.102	0.50	0.748283	0.31622776601683794
Error! Check the code. The clustering routine used 9 of the 10 available cluster(s).
Error! Check the code. The clustering routine used 8 of the 10 available cluster(s).
Error! Check the code. The clustering routine used 8 of the 10 available cluster(s).
10000	784	10	kneigh_	gr-truth	FastJLT	5	0.00638	0.081	0.35	0.740074	0.4472135954999579
Error! Check the code. The clustering routine used 7 of the 10 available cluster(s).
Error! Check the code. The clustering routine used 7 of the 10 available cluster(s).
Error! Check the code. The clustering routine used 6 of the 10 available cluster(s).
10000	784	10	kneigh_	baseline	FastJLT	5	0.00638	0.070	0.45	0.730973	0.4472135954999579
Error! Check the code. The clustering routine used 8 of the 10 available cluster(s).
Error! Check the code. The clustering routine used 9 of the 10 available cluster(s).
10000	784	10	kneigh_	gr-truth	FastJLT	1	0.00128	0.049	0.22	0.744650	1.0
Error! Check the code. The clustering routine used 7 of the 10 available cluster(s).
Error! Check the code. The clustering routine used 8 of the 10 available cluster(s).
Error! Check the code. The clustering routine used 7 of the 10 available cluster(s).
10000	784	10	kneigh_	baseline	FastJLT	1	0.00128	0.066	0.16	0.693384	1.0
10000	784	10	kneigh_	gr-truth	sampDim	50	0.06378	0.473	0.07	5.550662
10000	784	10	kneigh_	baseline	sampDim	50	0.06378	0.487	0.07	5.844343
10000	784	10	kneigh_	gr-truth	sampDim	20	0.02551	0.235	0.20	2.810221
10000	784	10	kneigh_	baseline	sampDim	20	0.02551	0.256	0.27	2.607686
10000	784	10	kneigh_	gr-truth	sampDim	10	0.01276	0.151	0.36	2.828822
Error! Check the code. The clustering routine used 9 of the 10 available cluster(s).
Error! Check the code. The clustering routine used 6 of the 10 available cluster(s).
10000	784	10	kneigh_	baseline	sampDim	10	0.01276	0.164	0.31	2.035812
10000	784	10	kneigh_	gr-truth	sampDim	5	0.00638	0.154	0.08	1.516690
Error! Check the code. The clustering routine used 7 of the 10 available cluster(s).
Error! Check the code. The clustering routine used 9 of the 10 available cluster(s).
Error! Check the code. The clustering routine used 7 of the 10 available cluster(s).
10000	784	10	kneigh_	baseline	sampDim	5	0.00638	0.162	0.08	1.303718
Error! Check the code. The clustering routine used 9 of the 10 available cluster(s).
Error! Check the code. The clustering routine used 1 of the 10 available cluster(s).
Error! Check the code. The clustering routine used 8 of the 10 available cluster(s).
10000	784	10	kneigh_	gr-truth	sampDim	1	0.00128	0.060	0.82	1.888098
Error! Check the code. The clustering routine used 4 of the 10 available cluster(s).
Error! Check the code. The clustering routine used 1 of the 10 available cluster(s).
Error! Check the code. The clustering routine used 1 of the 10 available cluster(s).
10000	784	10	kneigh_	baseline	sampDim	1	0.00128	0.013	1.50	2.218106
10000	784	10	kneigh_	gr-truth	HVarDim	50	0.06378	0.561	0.00	5.874762
10000	784	10	kneigh_	baseline	HVarDim	50	0.06378	0.572	0.00	5.443551
10000	784	10	kneigh_	gr-truth	HVarDim	20	0.02551	0.440	0.00	2.760703
10000	784	10	kneigh_	baseline	HVarDim	20	0.02551	0.445	0.00	3.064153
10000	784	10	kneigh_	gr-truth	HVarDim	10	0.01276	0.349	0.00	1.426187
10000	784	10	kneigh_	baseline	HVarDim	10	0.01276	0.341	0.00	1.455181
10000	784	10	kneigh_	gr-truth	HVarDim	5	0.00638	0.280	0.00	0.886527
10000	784	10	kneigh_	baseline	HVarDim	5	0.00638	0.281	0.00	0.919193
10000	784	10	kneigh_	gr-truth	HVarDim	1	0.00128	0.146	0.00	1.014154
Error! Check the code. The clustering routine used 4 of the 10 available cluster(s).
Error! Check the code. The clustering routine used 4 of the 10 available cluster(s).
Error! Check the code. The clustering routine used 4 of the 10 available cluster(s).
10000	784	10	kneigh_	baseline	HVarDim	1	0.00128	0.144	0.00	1.014389
10000	784	10	kneigh_	gr-truth	usePCA	50	0.06378	0.749	0.00	5.153545
10000	784	10	kneigh_	baseline	usePCA	50	0.06378	0.863	0.00	5.117799
10000	784	10	kneigh_	gr-truth	usePCA	20	0.02551	0.761	0.00	3.114809
10000	784	10	kneigh_	baseline	usePCA	20	0.02551	0.838	0.00	3.258731
10000	784	10	kneigh_	gr-truth	usePCA	10	0.01276	0.703	0.00	2.166669
10000	784	10	kneigh_	baseline	usePCA	10	0.01276	0.769	0.00	2.133017
10000	784	10	kneigh_	gr-truth	usePCA	5	0.00638	0.570	0.00	1.138106
10000	784	10	kneigh_	baseline	usePCA	5	0.00638	0.613	0.00	1.170830
Error! Check the code. The clustering routine used 9 of the 10 available cluster(s).
Error! Check the code. The clustering routine used 9 of the 10 available cluster(s).
Error! Check the code. The clustering routine used 9 of the 10 available cluster(s).
10000	784	10	kneigh_	gr-truth	usePCA	1	0.00128	0.214	0.00	0.678145
Error! Check the code. The clustering routine used 9 of the 10 available cluster(s).
Error! Check the code. The clustering routine used 9 of the 10 available cluster(s).
Error! Check the code. The clustering routine used 9 of the 10 available cluster(s).
10000	784	10	kneigh_	baseline	usePCA	1	0.00128	0.240	0.00	0.696126
10000	784	10	kneigh_	gr-truth	FactAna	50	0.06378	0.613	0.00	5.586541
10000	784	10	kneigh_	baseline	FactAna	50	0.06378	0.584	0.00	5.617898
10000	784	10	kneigh_	gr-truth	FactAna	20	0.02551	0.709	0.00	3.697096
10000	784	10	kneigh_	baseline	FactAna	20	0.02551	0.745	0.00	3.896235
10000	784	10	kneigh_	gr-truth	FactAna	10	0.01276	0.665	0.00	2.291966
10000	784	10	kneigh_	baseline	FactAna	10	0.01276	0.710	0.00	2.505524
10000	784	10	kneigh_	gr-truth	FactAna	5	0.00638	0.550	0.00	1.159007
10000	784	10	kneigh_	baseline	FactAna	5	0.00638	0.570	0.00	1.131447
Error! Check the code. The clustering routine used 9 of the 10 available cluster(s).
Error! Check the code. The clustering routine used 9 of the 10 available cluster(s).
Error! Check the code. The clustering routine used 9 of the 10 available cluster(s).
10000	784	10	kneigh_	gr-truth	FactAna	1	0.00128	0.207	0.00	0.727367
10000	784	10	kneigh_	baseline	FactAna	1	0.00128	0.198	0.00	0.715565
10000	784	10	kmeans_	gr-truth	-	-	-	0.508	0.02	12.826467
10000	784	10	kmeans_	gr-truth	Achliop	50	0.06378	0.388	0.02	1.441953	/
10000	784	10	kmeans_	baseline	Achliop	50	0.06378	0.510	0.14	1.450296	/
10000	784	10	kmeans_	gr-truth	Achliop	20	0.02551	0.325	0.08	1.062756	/
10000	784	10	kmeans_	baseline	Achliop	20	0.02551	0.382	0.06	1.097953	/
10000	784	10	kmeans_	gr-truth	Achliop	10	0.01276	0.269	0.05	1.001070	/
10000	784	10	kmeans_	baseline	Achliop	10	0.01276	0.275	0.08	0.973502	/
10000	784	10	kmeans_	gr-truth	Achliop	5	0.00638	0.180	0.11	0.847459	/
10000	784	10	kmeans_	baseline	Achliop	5	0.00638	0.199	0.21	0.863744	/
10000	784	10	kmeans_	gr-truth	Achliop	1	0.00128	0.066	0.39	0.281141	/
10000	784	10	kmeans_	baseline	Achliop	1	0.00128	0.083	0.15	0.263248	/
10000	784	10	kmeans_	gr-truth	FastJLT	50	0.06378	0.091	0.21	1.230702	0.1414213562373095
10000	784	10	kmeans_	baseline	FastJLT	50	0.06378	0.109	0.12	1.158174	0.1414213562373095
10000	784	10	kmeans_	gr-truth	FastJLT	20	0.02551	0.063	0.31	0.876480	0.22360679774997896
10000	784	10	kmeans_	baseline	FastJLT	20	0.02551	0.093	0.68	0.906110	0.22360679774997896
10000	784	10	kmeans_	gr-truth	FastJLT	10	0.01276	0.070	0.16	0.766745	0.31622776601683794
10000	784	10	kmeans_	baseline	FastJLT	10	0.01276	0.087	0.16	0.742964	0.31622776601683794
10000	784	10	kmeans_	gr-truth	FastJLT	5	0.00638	0.057	0.10	0.678343	0.4472135954999579
10000	784	10	kmeans_	baseline	FastJLT	5	0.00638	0.049	0.30	0.736180	0.4472135954999579
10000	784	10	kmeans_	gr-truth	FastJLT	1	0.00128	0.085	0.09	0.320793	1.0
10000	784	10	kmeans_	baseline	FastJLT	1	0.00128	0.097	0.36	0.312443	1.0
10000	784	10	kmeans_	gr-truth	sampDim	50	0.06378	0.328	0.12	1.498469
10000	784	10	kmeans_	baseline	sampDim	50	0.06378	0.372	0.04	1.505885
10000	784	10	kmeans_	gr-truth	sampDim	20	0.02551	0.226	0.12	0.877816
10000	784	10	kmeans_	baseline	sampDim	20	0.02551	0.258	0.16	0.861180
10000	784	10	kmeans_	gr-truth	sampDim	10	0.01276	0.139	0.44	0.658153
10000	784	10	kmeans_	baseline	sampDim	10	0.01276	0.225	0.18	283.103801
10000	784	10	kmeans_	gr-truth	sampDim	5	0.00638	0.120	0.49	0.515114
10000	784	10	kmeans_	baseline	sampDim	5	0.00638	0.140	0.66	0.439439
10000	784	10	kmeans_	gr-truth	sampDim	1	0.00128	0.033	1.25	0.099017
10000	784	10	kmeans_	baseline	sampDim	1	0.00128	0.051	0.74	0.100378
10000	784	10	kmeans_	gr-truth	HVarDim	50	0.06378	0.387	0.00	1.522825
10000	784	10	kmeans_	baseline	HVarDim	50	0.06378	0.477	0.00	1.498537
10000	784	10	kmeans_	gr-truth	HVarDim	20	0.02551	0.328	0.00	0.988534
10000	784	10	kmeans_	baseline	HVarDim	20	0.02551	0.353	0.00	0.936869
10000	784	10	kmeans_	gr-truth	HVarDim	10	0.01276	0.288	0.01	0.825054
10000	784	10	kmeans_	baseline	HVarDim	10	0.01276	0.270	0.03	0.982066
10000	784	10	kmeans_	gr-truth	HVarDim	5	0.00638	0.249	0.00	0.525352
10000	784	10	kmeans_	baseline	HVarDim	5	0.00638	0.257	0.01	0.593702
10000	784	10	kmeans_	gr-truth	HVarDim	1	0.00128	0.144	0.00	0.119811
10000	784	10	kmeans_	baseline	HVarDim	1	0.00128	0.110	0.00	0.134673
10000	784	10	kmeans_	gr-truth	usePCA	50	0.06378	0.503	0.01	1.527340
10000	784	10	kmeans_	baseline	usePCA	50	0.06378	0.929	0.01	1.490818
10000	784	10	kmeans_	gr-truth	usePCA	20	0.02551	0.511	0.00	1.103063
10000	784	10	kmeans_	baseline	usePCA	20	0.02551	0.751	0.00	1.077079
10000	784	10	kmeans_	gr-truth	usePCA	10	0.01276	0.480	0.00	0.799786
10000	784	10	kmeans_	baseline	usePCA	10	0.01276	0.737	0.04	0.821235
10000	784	10	kmeans_	gr-truth	usePCA	5	0.00638	0.432	0.00	0.736424
10000	784	10	kmeans_	baseline	usePCA	5	0.00638	0.582	0.00	0.785660
10000	784	10	kmeans_	gr-truth	usePCA	1	0.00128	0.221	0.00	0.237608
10000	784	10	kmeans_	baseline	usePCA	1	0.00128	0.269	0.00	0.221110
10000	784	10	kmeans_	gr-truth	FactAna	50	0.06378	0.420	0.08	1.804058
10000	784	10	kmeans_	baseline	FactAna	50	0.06378	0.481	0.04	1.974617
10000	784	10	kmeans_	gr-truth	FactAna	20	0.02551	0.424	0.03	1.141533
10000	784	10	kmeans_	baseline	FactAna	20	0.02551	0.510	0.03	1.259587
10000	784	10	kmeans_	gr-truth	FactAna	10	0.01276	0.444	0.00	0.964048
10000	784	10	kmeans_	baseline	FactAna	10	0.01276	0.539	0.00	1.191009
10000	784	10	kmeans_	gr-truth	FactAna	5	0.00638	0.398	0.00	0.837329
10000	784	10	kmeans_	baseline	FactAna	5	0.00638	0.501	0.00	0.831048
10000	784	10	kmeans_	gr-truth	FactAna	1	0.00128	0.203	0.00	0.308081
10000	784	10	kmeans_	baseline	FactAna	1	0.00128	0.242	0.00	0.268600
