###################################################
### Dimensionality Reduction Methods Comparison ###
###################################################

Loading sklearn's 'digit' dataset...
n * d = 1797 * 64
n_clusters = 10
R = 3
n	d	n_clust	test_pr	eval_against	method	k	k/d	vmeas	vmeas_e	time
1797	64	10	kneigh_	gr-truth	-	-	-	0.904	0.00	0.345678
1797	64	10	kneigh_	gr-truth	Achliop	50	0.78125	0.879	0.00	0.372104	/
1797	64	10	kneigh_	baseline	Achliop	50	0.78125	0.884	0.02	0.371478	/
1797	64	10	kneigh_	gr-truth	Achliop	20	0.31250	0.789	0.01	0.244343	/
1797	64	10	kneigh_	baseline	Achliop	20	0.31250	0.811	0.02	0.238982	/
1797	64	10	kneigh_	gr-truth	Achliop	10	0.15625	0.654	0.03	0.186364	/
1797	64	10	kneigh_	baseline	Achliop	10	0.15625	0.648	0.03	0.187486	/
1797	64	10	kneigh_	gr-truth	Achliop	5	0.07812	0.491	0.07	0.158872	/
1797	64	10	kneigh_	baseline	Achliop	5	0.07812	0.471	0.06	0.159718	/
1797	64	10	kneigh_	gr-truth	Achliop	1	0.01562	0.133	0.41	0.123847	/
Error! Check the code. The clustering routine used 9 of the 10 available cluster(s).
1797	64	10	kneigh_	baseline	Achliop	1	0.01562	0.129	0.46	0.132166	/
1797	64	10	kmeans_	gr-truth	-	-	-	0.743	0.00	0.328443
1797	64	10	kmeans_	gr-truth	Achliop	50	0.78125	0.685	0.05	0.373193	/
1797	64	10	kmeans_	baseline	Achliop	50	0.78125	0.711	0.02	0.347659	/
1797	64	10	kmeans_	gr-truth	Achliop	20	0.31250	0.587	0.05	0.304831	/
1797	64	10	kmeans_	baseline	Achliop	20	0.31250	0.658	0.02	0.289182	/
1797	64	10	kmeans_	gr-truth	Achliop	10	0.15625	0.461	0.03	0.315514	/
1797	64	10	kmeans_	baseline	Achliop	10	0.15625	0.509	0.03	0.271643	/
1797	64	10	kmeans_	gr-truth	Achliop	5	0.07812	0.389	0.11	0.215025	/
1797	64	10	kmeans_	baseline	Achliop	5	0.07812	0.375	0.21	0.232806	/
1797	64	10	kmeans_	gr-truth	Achliop	1	0.01562	0.129	0.05	0.099141	/
1797	64	10	kmeans_	baseline	Achliop	1	0.01562	0.117	0.65	0.104006	/
1797	64	10	kneigh_	gr-truth	-	-	-	0.904	0.00	0.372479
1797	64	10	kneigh_	gr-truth	FastJLT	50	0.78125	0.151	0.07	0.176098	0.1414213562373095
Error! Check the code. The clustering routine used 9 of the 10 available cluster(s).
1797	64	10	kneigh_	baseline	FastJLT	50	0.78125	0.115	0.36	0.179085	0.1414213562373095
Error! Check the code. The clustering routine used 9 of the 10 available cluster(s).
1797	64	10	kneigh_	gr-truth	FastJLT	20	0.31250	0.139	0.37	0.159926	0.22360679774997896
1797	64	10	kneigh_	baseline	FastJLT	20	0.31250	0.103	0.67	0.161322	0.22360679774997896
1797	64	10	kneigh_	gr-truth	FastJLT	10	0.15625	0.134	0.42	0.153019	0.31622776601683794
1797	64	10	kneigh_	baseline	FastJLT	10	0.15625	0.149	0.34	0.152793	0.31622776601683794
1797	64	10	kneigh_	gr-truth	FastJLT	5	0.07812	0.120	0.17	0.150410	0.4472135954999579
1797	64	10	kneigh_	baseline	FastJLT	5	0.07812	0.122	0.22	0.156076	0.4472135954999579
1797	64	10	kneigh_	gr-truth	FastJLT	1	0.01562	0.155	0.42	0.160739	1.0
1797	64	10	kneigh_	baseline	FastJLT	1	0.01562	0.123	0.17	0.161956	1.0
1797	64	10	kmeans_	gr-truth	-	-	-	0.743	0.00	0.491442
1797	64	10	kmeans_	gr-truth	FastJLT	50	0.78125	0.144	0.40	0.210092	0.1414213562373095
1797	64	10	kmeans_	baseline	FastJLT	50	0.78125	0.182	0.29	0.223483	0.1414213562373095
1797	64	10	kmeans_	gr-truth	FastJLT	20	0.31250	0.093	0.60	0.181926	0.22360679774997896
1797	64	10	kmeans_	baseline	FastJLT	20	0.31250	0.185	0.13	0.188353	0.22360679774997896
1797	64	10	kmeans_	gr-truth	FastJLT	10	0.15625	0.162	0.22	0.175152	0.31622776601683794
1797	64	10	kmeans_	baseline	FastJLT	10	0.15625	0.157	0.10	0.185421	0.31622776601683794
1797	64	10	kmeans_	gr-truth	FastJLT	5	0.07812	0.152	0.17	0.160761	0.4472135954999579
1797	64	10	kmeans_	baseline	FastJLT	5	0.07812	0.147	0.15	0.151702	0.4472135954999579
1797	64	10	kmeans_	gr-truth	FastJLT	1	0.01562	0.179	0.17	0.152148	1.0
1797	64	10	kmeans_	baseline	FastJLT	1	0.01562	0.154	0.13	0.144777	1.0
1797	64	10	kneigh_	gr-truth	-	-	-	0.904	0.00	0.406793
1797	64	10	kneigh_	gr-truth	sampDim	50	0.78125	0.882	0.02	0.293308
1797	64	10	kneigh_	baseline	sampDim	50	0.78125	0.924	0.01	0.295930
1797	64	10	kneigh_	gr-truth	sampDim	20	0.31250	0.692	0.11	0.154457
1797	64	10	kneigh_	baseline	sampDim	20	0.31250	0.758	0.05	0.154037
1797	64	10	kneigh_	gr-truth	sampDim	10	0.15625	0.499	0.10	0.090742
1797	64	10	kneigh_	baseline	sampDim	10	0.15625	0.468	0.02	0.099660
1797	64	10	kneigh_	gr-truth	sampDim	5	0.07812	0.360	0.14	0.069457
1797	64	10	kneigh_	baseline	sampDim	5	0.07812	0.414	0.07	0.070746
Error! Check the code. The clustering routine used 7 of the 10 available cluster(s).
Error! Check the code. The clustering routine used 7 of the 10 available cluster(s).
Error! Check the code. The clustering routine used 8 of the 10 available cluster(s).
1797	64	10	kneigh_	gr-truth	sampDim	1	0.01562	0.166	0.16	0.056323
Error! Check the code. The clustering routine used 9 of the 10 available cluster(s).
Error! Check the code. The clustering routine used 2 of the 10 available cluster(s).
1797	64	10	kneigh_	baseline	sampDim	1	0.01562	0.109	0.85	0.059041
1797	64	10	kmeans_	gr-truth	-	-	-	0.742	0.00	0.395748
1797	64	10	kmeans_	gr-truth	sampDim	50	0.78125	0.712	0.02	0.438483
1797	64	10	kmeans_	baseline	sampDim	50	0.78125	0.812	0.06	0.473325
1797	64	10	kmeans_	gr-truth	sampDim	20	0.31250	0.534	0.15	0.378463
1797	64	10	kmeans_	baseline	sampDim	20	0.31250	0.564	0.21	0.395228
1797	64	10	kmeans_	gr-truth	sampDim	10	0.15625	0.359	0.19	0.301242
1797	64	10	kmeans_	baseline	sampDim	10	0.15625	0.471	0.03	0.344577
1797	64	10	kmeans_	gr-truth	sampDim	5	0.07812	0.270	0.21	0.134432
1797	64	10	kmeans_	baseline	sampDim	5	0.07812	0.329	0.11	0.110267
1797	64	10	kmeans_	gr-truth	sampDim	1	0.01562	0.153	0.49	0.040305
1797	64	10	kmeans_	baseline	sampDim	1	0.01562	0.183	0.07	0.039500
1797	64	10	kneigh_	gr-truth	-	-	-	0.904	0.00	0.365760
1797	64	10	kneigh_	gr-truth	HVarDim	50	0.78125	0.902	0.00	0.292215
1797	64	10	kneigh_	baseline	HVarDim	50	0.78125	0.956	0.00	0.294167
1797	64	10	kneigh_	gr-truth	HVarDim	20	0.31250	0.860	0.00	0.165727
1797	64	10	kneigh_	baseline	HVarDim	20	0.31250	0.886	0.00	0.162139
1797	64	10	kneigh_	gr-truth	HVarDim	10	0.15625	0.725	0.00	0.105123
1797	64	10	kneigh_	baseline	HVarDim	10	0.15625	0.728	0.00	0.105592
1797	64	10	kneigh_	gr-truth	HVarDim	5	0.07812	0.504	0.00	0.070498
1797	64	10	kneigh_	baseline	HVarDim	5	0.07812	0.505	0.00	0.069829
Error! Check the code. The clustering routine used 5 of the 10 available cluster(s).
Error! Check the code. The clustering routine used 5 of the 10 available cluster(s).
Error! Check the code. The clustering routine used 5 of the 10 available cluster(s).
1797	64	10	kneigh_	gr-truth	HVarDim	1	0.01562	0.207	0.00	0.057764
Error! Check the code. The clustering routine used 6 of the 10 available cluster(s).
Error! Check the code. The clustering routine used 6 of the 10 available cluster(s).
Error! Check the code. The clustering routine used 6 of the 10 available cluster(s).
1797	64	10	kneigh_	baseline	HVarDim	1	0.01562	0.204	0.00	0.060684
1797	64	10	kmeans_	gr-truth	-	-	-	0.743	0.00	0.404946
1797	64	10	kmeans_	gr-truth	HVarDim	50	0.78125	0.740	0.00	0.425043
1797	64	10	kmeans_	baseline	HVarDim	50	0.78125	0.974	0.01	0.449528
1797	64	10	kmeans_	gr-truth	HVarDim	20	0.31250	0.710	0.01	0.341329
1797	64	10	kmeans_	baseline	HVarDim	20	0.31250	0.772	0.00	0.348837
1797	64	10	kmeans_	gr-truth	HVarDim	10	0.15625	0.555	0.01	0.383781
1797	64	10	kmeans_	baseline	HVarDim	10	0.15625	0.540	0.00	0.385735
1797	64	10	kmeans_	gr-truth	HVarDim	5	0.07812	0.418	0.00	0.145838
1797	64	10	kmeans_	baseline	HVarDim	5	0.07812	0.421	0.00	0.113554
1797	64	10	kmeans_	gr-truth	HVarDim	1	0.01562	0.199	0.01	0.040139
1797	64	10	kmeans_	baseline	HVarDim	1	0.01562	0.189	0.00	0.040322
1797	64	10	kneigh_	gr-truth	-	-	-	0.904	0.00	0.363075
1797	64	10	kmeans_	gr-truth	-	-	-	0.741	0.00	0.392027
1797	64	10	kneigh_	gr-truth	-	-	-	0.904	0.00	0.442336
1797	64	10	kneigh_	gr-truth	usePCA	50	0.78125	0.904	0.00	0.434382
1797	64	10	kneigh_	baseline	usePCA	50	0.78125	0.956	0.00	0.435744
1797	64	10	kneigh_	gr-truth	usePCA	20	0.31250	0.904	0.00	0.279241
1797	64	10	kneigh_	baseline	usePCA	20	0.31250	0.950	0.00	0.282500
1797	64	10	kneigh_	gr-truth	usePCA	10	0.15625	0.868	0.00	0.216842
1797	64	10	kneigh_	baseline	usePCA	10	0.15625	0.920	0.00	0.220622
1797	64	10	kneigh_	gr-truth	usePCA	5	0.07812	0.808	0.00	0.184139
1797	64	10	kneigh_	baseline	usePCA	5	0.07812	0.836	0.00	0.185515
1797	64	10	kneigh_	gr-truth	usePCA	1	0.01562	0.347	0.00	0.160287
1797	64	10	kneigh_	baseline	usePCA	1	0.01562	0.358	0.00	0.159088
1797	64	10	kmeans_	gr-truth	-	-	-	0.741	0.00	0.446439
1797	64	10	kmeans_	gr-truth	usePCA	50	0.78125	0.743	0.00	0.421428
1797	64	10	kmeans_	baseline	usePCA	50	0.78125	0.970	0.01	0.462648
1797	64	10	kmeans_	gr-truth	usePCA	20	0.31250	0.740	0.00	0.324570
1797	64	10	kmeans_	baseline	usePCA	20	0.31250	0.987	0.00	0.346539
1797	64	10	kmeans_	gr-truth	usePCA	10	0.15625	0.727	0.00	0.298385
1797	64	10	kmeans_	baseline	usePCA	10	0.15625	0.938	0.00	0.312023
1797	64	10	kmeans_	gr-truth	usePCA	5	0.07812	0.657	0.00	0.222491
1797	64	10	kmeans_	baseline	usePCA	5	0.07812	0.767	0.00	0.197436
1797	64	10	kmeans_	gr-truth	usePCA	1	0.01562	0.358	0.00	0.176584
1797	64	10	kmeans_	baseline	usePCA	1	0.01562	0.362	0.00	0.191919
1797	64	10	kneigh_	gr-truth	-	-	-	0.904	0.00	0.399430
1797	64	10	kneigh_	gr-truth	FactAna	50	0.78125	0.873	0.00	0.535973
1797	64	10	kneigh_	baseline	FactAna	50	0.78125	0.859	0.00	0.506003
1797	64	10	kneigh_	gr-truth	FactAna	20	0.31250	0.872	0.00	0.329752
1797	64	10	kneigh_	baseline	FactAna	20	0.31250	0.886	0.00	0.333027
1797	64	10	kneigh_	gr-truth	FactAna	10	0.15625	0.807	0.00	0.251283
1797	64	10	kneigh_	baseline	FactAna	10	0.15625	0.825	0.00	0.253361
1797	64	10	kneigh_	gr-truth	FactAna	5	0.07812	0.721	0.00	0.191671
1797	64	10	kneigh_	baseline	FactAna	5	0.07812	0.748	0.00	0.192050
1797	64	10	kneigh_	gr-truth	FactAna	1	0.01562	0.205	0.00	0.171056
1797	64	10	kneigh_	baseline	FactAna	1	0.01562	0.213	0.00	0.168939
1797	64	10	kmeans_	gr-truth	-	-	-	0.743	0.00	0.477688
1797	64	10	kmeans_	gr-truth	FactAna	50	0.78125	0.692	0.12	0.695048
1797	64	10	kmeans_	baseline	FactAna	50	0.78125	0.714	0.03	0.623564
1797	64	10	kmeans_	gr-truth	FactAna	20	0.31250	0.672	0.05	0.399069
1797	64	10	kmeans_	baseline	FactAna	20	0.31250	0.685	0.01	0.443256
1797	64	10	kmeans_	gr-truth	FactAna	10	0.15625	0.665	0.00	0.335032
1797	64	10	kmeans_	baseline	FactAna	10	0.15625	0.717	0.00	0.318250
1797	64	10	kmeans_	gr-truth	FactAna	5	0.07812	0.551	0.00	0.246610
1797	64	10	kmeans_	baseline	FactAna	5	0.07812	0.618	0.00	0.232378
1797	64	10	kmeans_	gr-truth	FactAna	1	0.01562	0.201	0.00	0.177501
1797	64	10	kmeans_	baseline	FactAna	1	0.01562	0.242	0.00	0.187094
